CRITICAL - 2022-01-17 20:57:04 --> syntax error, unexpected ':', expecting ']'
#0 C:\xampp\htdocs\piazzadifiori\system\Autoloader\Autoloader.php(241): CodeIgniter\Autoloader\Autoloader->includeFile('C:\\xampp\\htdocs...')
#1 C:\xampp\htdocs\piazzadifiori\system\Autoloader\Autoloader.php(219): CodeIgniter\Autoloader\Autoloader->loadInNamespace('App\\Controllers...')
#2 [internal function]: CodeIgniter\Autoloader\Autoloader->loadClass('App\\Controllers...')
#3 [internal function]: spl_autoload_call('App\\Controllers...')
#4 C:\xampp\htdocs\piazzadifiori\system\CodeIgniter.php(789): class_exists('\\App\\Controller...', true)
#5 C:\xampp\htdocs\piazzadifiori\system\CodeIgniter.php(397): CodeIgniter\CodeIgniter->startController()
#6 C:\xampp\htdocs\piazzadifiori\system\CodeIgniter.php(318): CodeIgniter\CodeIgniter->handleRequest(NULL, Object(Config\Cache), false)
#7 C:\xampp\htdocs\piazzadifiori\index.php(38): CodeIgniter\CodeIgniter->run()
#8 {main}
CRITICAL - 2022-01-17 20:57:56 --> syntax error, unexpected ':', expecting ']'
#0 C:\xampp\htdocs\piazzadifiori\system\Autoloader\Autoloader.php(241): CodeIgniter\Autoloader\Autoloader->includeFile('C:\\xampp\\htdocs...')
#1 C:\xampp\htdocs\piazzadifiori\system\Autoloader\Autoloader.php(219): CodeIgniter\Autoloader\Autoloader->loadInNamespace('App\\Controllers...')
#2 [internal function]: CodeIgniter\Autoloader\Autoloader->loadClass('App\\Controllers...')
#3 [internal function]: spl_autoload_call('App\\Controllers...')
#4 C:\xampp\htdocs\piazzadifiori\system\CodeIgniter.php(789): class_exists('\\App\\Controller...', true)
#5 C:\xampp\htdocs\piazzadifiori\system\CodeIgniter.php(397): CodeIgniter\CodeIgniter->startController()
#6 C:\xampp\htdocs\piazzadifiori\system\CodeIgniter.php(318): CodeIgniter\CodeIgniter->handleRequest(NULL, Object(Config\Cache), false)
#7 C:\xampp\htdocs\piazzadifiori\index.php(38): CodeIgniter\CodeIgniter->run()
#8 {main}
CRITICAL - 2022-01-17 20:58:23 --> Undefined index: Administraci贸n
#0 C:\xampp\htdocs\piazzadifiori\app\Views\templates\admin_templates.php(317): CodeIgniter\Debug\Exceptions->errorHandler(8, 'Undefined index...', 'C:\\xampp\\htdocs...', 317, Array)
#1 C:\xampp\htdocs\piazzadifiori\system\View\View.php(214): include('C:\\xampp\\htdocs...')
#2 C:\xampp\htdocs\piazzadifiori\system\View\View.php(217): CodeIgniter\View\View->CodeIgniter\View\{closure}()
#3 C:\xampp\htdocs\piazzadifiori\system\View\View.php(230): CodeIgniter\View\View->render('templates/admin...', Array, true)
#4 C:\xampp\htdocs\piazzadifiori\system\Common.php(1097): CodeIgniter\View\View->render('dashboard/index', Array, true)
#5 C:\xampp\htdocs\piazzadifiori\app\Controllers\Dashboard.php(19): view('dashboard/index', Array)
#6 C:\xampp\htdocs\piazzadifiori\system\CodeIgniter.php(824): App\Controllers\DashBoard->index()
#7 C:\xampp\htdocs\piazzadifiori\system\CodeIgniter.php(410): CodeIgniter\CodeIgniter->runController(Object(App\Controllers\DashBoard))
#8 C:\xampp\htdocs\piazzadifiori\system\CodeIgniter.php(318): CodeIgniter\CodeIgniter->handleRequest(NULL, Object(Config\Cache), false)
#9 C:\xampp\htdocs\piazzadifiori\index.php(38): CodeIgniter\CodeIgniter->run()
#10 {main}
CRITICAL - 2022-01-17 20:58:45 --> Undefined index: Administraci贸n
#0 C:\xampp\htdocs\piazzadifiori\app\Views\templates\admin_templates.php(317): CodeIgniter\Debug\Exceptions->errorHandler(8, 'Undefined index...', 'C:\\xampp\\htdocs...', 317, Array)
#1 C:\xampp\htdocs\piazzadifiori\system\View\View.php(214): include('C:\\xampp\\htdocs...')
#2 C:\xampp\htdocs\piazzadifiori\system\View\View.php(217): CodeIgniter\View\View->CodeIgniter\View\{closure}()
#3 C:\xampp\htdocs\piazzadifiori\system\View\View.php(230): CodeIgniter\View\View->render('templates/admin...', Array, true)
#4 C:\xampp\htdocs\piazzadifiori\system\Common.php(1097): CodeIgniter\View\View->render('dashboard/index', Array, true)
#5 C:\xampp\htdocs\piazzadifiori\app\Controllers\Dashboard.php(19): view('dashboard/index', Array)
#6 C:\xampp\htdocs\piazzadifiori\system\CodeIgniter.php(824): App\Controllers\DashBoard->index()
#7 C:\xampp\htdocs\piazzadifiori\system\CodeIgniter.php(410): CodeIgniter\CodeIgniter->runController(Object(App\Controllers\DashBoard))
#8 C:\xampp\htdocs\piazzadifiori\system\CodeIgniter.php(318): CodeIgniter\CodeIgniter->handleRequest(NULL, Object(Config\Cache), false)
#9 C:\xampp\htdocs\piazzadifiori\index.php(38): CodeIgniter\CodeIgniter->run()
#10 {main}
CRITICAL - 2022-01-17 20:58:48 --> Undefined index: Administraci贸n
#0 C:\xampp\htdocs\piazzadifiori\app\Views\templates\admin_templates.php(317): CodeIgniter\Debug\Exceptions->errorHandler(8, 'Undefined index...', 'C:\\xampp\\htdocs...', 317, Array)
#1 C:\xampp\htdocs\piazzadifiori\system\View\View.php(214): include('C:\\xampp\\htdocs...')
#2 C:\xampp\htdocs\piazzadifiori\system\View\View.php(217): CodeIgniter\View\View->CodeIgniter\View\{closure}()
#3 C:\xampp\htdocs\piazzadifiori\system\View\View.php(230): CodeIgniter\View\View->render('templates/admin...', Array, true)
#4 C:\xampp\htdocs\piazzadifiori\system\Common.php(1097): CodeIgniter\View\View->render('dashboard/index', Array, true)
#5 C:\xampp\htdocs\piazzadifiori\app\Controllers\Dashboard.php(19): view('dashboard/index', Array)
#6 C:\xampp\htdocs\piazzadifiori\system\CodeIgniter.php(824): App\Controllers\DashBoard->index()
#7 C:\xampp\htdocs\piazzadifiori\system\CodeIgniter.php(410): CodeIgniter\CodeIgniter->runController(Object(App\Controllers\DashBoard))
#8 C:\xampp\htdocs\piazzadifiori\system\CodeIgniter.php(318): CodeIgniter\CodeIgniter->handleRequest(NULL, Object(Config\Cache), false)
#9 C:\xampp\htdocs\piazzadifiori\index.php(38): CodeIgniter\CodeIgniter->run()
#10 {main}
CRITICAL - 2022-01-17 20:58:48 --> Undefined index: Administraci贸n
#0 C:\xampp\htdocs\piazzadifiori\app\Views\templates\admin_templates.php(317): CodeIgniter\Debug\Exceptions->errorHandler(8, 'Undefined index...', 'C:\\xampp\\htdocs...', 317, Array)
#1 C:\xampp\htdocs\piazzadifiori\system\View\View.php(214): include('C:\\xampp\\htdocs...')
#2 C:\xampp\htdocs\piazzadifiori\system\View\View.php(217): CodeIgniter\View\View->CodeIgniter\View\{closure}()
#3 C:\xampp\htdocs\piazzadifiori\system\View\View.php(230): CodeIgniter\View\View->render('templates/admin...', Array, true)
#4 C:\xampp\htdocs\piazzadifiori\system\Common.php(1097): CodeIgniter\View\View->render('dashboard/index', Array, true)
#5 C:\xampp\htdocs\piazzadifiori\app\Controllers\Dashboard.php(19): view('dashboard/index', Array)
#6 C:\xampp\htdocs\piazzadifiori\system\CodeIgniter.php(824): App\Controllers\DashBoard->index()
#7 C:\xampp\htdocs\piazzadifiori\system\CodeIgniter.php(410): CodeIgniter\CodeIgniter->runController(Object(App\Controllers\DashBoard))
#8 C:\xampp\htdocs\piazzadifiori\system\CodeIgniter.php(318): CodeIgniter\CodeIgniter->handleRequest(NULL, Object(Config\Cache), false)
#9 C:\xampp\htdocs\piazzadifiori\index.php(38): CodeIgniter\CodeIgniter->run()
#10 {main}
CRITICAL - 2022-01-17 20:58:55 --> Undefined variable: dataResponse
#0 C:\xampp\htdocs\piazzadifiori\app\Views\dashboard\index.php(46): CodeIgniter\Debug\Exceptions->errorHandler(8, 'Undefined varia...', 'C:\\xampp\\htdocs...', 46, Array)
#1 C:\xampp\htdocs\piazzadifiori\system\View\View.php(214): include('C:\\xampp\\htdocs...')
#2 C:\xampp\htdocs\piazzadifiori\system\View\View.php(217): CodeIgniter\View\View->CodeIgniter\View\{closure}()
#3 C:\xampp\htdocs\piazzadifiori\system\Common.php(1097): CodeIgniter\View\View->render('dashboard/index', Array, true)
#4 C:\xampp\htdocs\piazzadifiori\app\Controllers\Auths.php(12): view('dashboard/index')
#5 C:\xampp\htdocs\piazzadifiori\system\CodeIgniter.php(824): App\Controllers\Auths->index()
#6 C:\xampp\htdocs\piazzadifiori\system\CodeIgniter.php(410): CodeIgniter\CodeIgniter->runController(Object(App\Controllers\Auths))
#7 C:\xampp\htdocs\piazzadifiori\system\CodeIgniter.php(318): CodeIgniter\CodeIgniter->handleRequest(NULL, Object(Config\Cache), false)
#8 C:\xampp\htdocs\piazzadifiori\index.php(38): CodeIgniter\CodeIgniter->run()
#9 {main}
CRITICAL - 2022-01-17 20:59:00 --> Undefined variable: dataResponse
#0 C:\xampp\htdocs\piazzadifiori\app\Views\dashboard\index.php(46): CodeIgniter\Debug\Exceptions->errorHandler(8, 'Undefined varia...', 'C:\\xampp\\htdocs...', 46, Array)
#1 C:\xampp\htdocs\piazzadifiori\system\View\View.php(214): include('C:\\xampp\\htdocs...')
#2 C:\xampp\htdocs\piazzadifiori\system\View\View.php(217): CodeIgniter\View\View->CodeIgniter\View\{closure}()
#3 C:\xampp\htdocs\piazzadifiori\system\Common.php(1097): CodeIgniter\View\View->render('dashboard/index', Array, true)
#4 C:\xampp\htdocs\piazzadifiori\app\Controllers\Auths.php(86): view('dashboard/index')
#5 C:\xampp\htdocs\piazzadifiori\system\CodeIgniter.php(824): App\Controllers\Auths->login()
#6 C:\xampp\htdocs\piazzadifiori\system\CodeIgniter.php(410): CodeIgniter\CodeIgniter->runController(Object(App\Controllers\Auths))
#7 C:\xampp\htdocs\piazzadifiori\system\CodeIgniter.php(318): CodeIgniter\CodeIgniter->handleRequest(NULL, Object(Config\Cache), false)
#8 C:\xampp\htdocs\piazzadifiori\index.php(38): CodeIgniter\CodeIgniter->run()
#9 {main}
CRITICAL - 2022-01-17 20:59:05 --> Undefined variable: dataResponse
#0 C:\xampp\htdocs\piazzadifiori\app\Views\dashboard\index.php(46): CodeIgniter\Debug\Exceptions->errorHandler(8, 'Undefined varia...', 'C:\\xampp\\htdocs...', 46, Array)
#1 C:\xampp\htdocs\piazzadifiori\system\View\View.php(214): include('C:\\xampp\\htdocs...')
#2 C:\xampp\htdocs\piazzadifiori\system\View\View.php(217): CodeIgniter\View\View->CodeIgniter\View\{closure}()
#3 C:\xampp\htdocs\piazzadifiori\system\Common.php(1097): CodeIgniter\View\View->render('dashboard/index', Array, true)
#4 C:\xampp\htdocs\piazzadifiori\app\Controllers\Auths.php(86): view('dashboard/index')
#5 C:\xampp\htdocs\piazzadifiori\system\CodeIgniter.php(824): App\Controllers\Auths->login()
#6 C:\xampp\htdocs\piazzadifiori\system\CodeIgniter.php(410): CodeIgniter\CodeIgniter->runController(Object(App\Controllers\Auths))
#7 C:\xampp\htdocs\piazzadifiori\system\CodeIgniter.php(318): CodeIgniter\CodeIgniter->handleRequest(NULL, Object(Config\Cache), false)
#8 C:\xampp\htdocs\piazzadifiori\index.php(38): CodeIgniter\CodeIgniter->run()
#9 {main}
